INFO - 2024-11-15 12:03:32 --> Session: Class initialized using 'CodeIgniter\Session\Handlers\FileHandler' driver.
INFO - 2024-11-15 12:10:12 --> Session: Class initialized using 'CodeIgniter\Session\Handlers\FileHandler' driver.
INFO - 2024-11-15 12:10:17 --> Session: Class initialized using 'CodeIgniter\Session\Handlers\FileHandler' driver.
INFO - 2024-11-15 12:10:18 --> Session: Class initialized using 'CodeIgniter\Session\Handlers\FileHandler' driver.
INFO - 2024-11-15 12:13:53 --> Session: Class initialized using 'CodeIgniter\Session\Handlers\FileHandler' driver.
INFO - 2024-11-15 12:14:35 --> Session: Class initialized using 'CodeIgniter\Session\Handlers\FileHandler' driver.
INFO - 2024-11-15 12:14:40 --> Session: Class initialized using 'CodeIgniter\Session\Handlers\FileHandler' driver.
INFO - 2024-11-15 12:14:48 --> Session: Class initialized using 'CodeIgniter\Session\Handlers\FileHandler' driver.
INFO - 2024-11-15 12:22:02 --> Session: Class initialized using 'CodeIgniter\Session\Handlers\FileHandler' driver.
CRITICAL - 2024-11-15 12:22:02 --> ErrorException: Undefined variable $sort
[Method: GET, Route: g_offres]
in APPPATH\Views\g_offres.php on line 33.
 1 APPPATH\Views\g_offres.php(33): CodeIgniter\Debug\Exceptions->errorHandler(2, 'Undefined variable $sort', 'C:\\Users\\PC\\Desktop\\myApp\\myApp\\app\\Views\\g_offres.php', 33)
 2 SYSTEMPATH\View\View.php(234): include('C:\\Users\\PC\\Desktop\\myApp\\myApp\\app\\Views\\g_offres.php')
 3 SYSTEMPATH\View\View.php(237): CodeIgniter\View\View->CodeIgniter\View\{closure}()
 4 SYSTEMPATH\Common.php(1171): CodeIgniter\View\View->render('g_offres', [], true)
 5 APPPATH\Controllers\GestionOffreController.php(24): view('g_offres', [...])
 6 SYSTEMPATH\CodeIgniter.php(933): App\Controllers\GestionOffreController->index()
 7 SYSTEMPATH\CodeIgniter.php(509): CodeIgniter\CodeIgniter->runController(Object(App\Controllers\GestionOffreController))
 8 SYSTEMPATH\CodeIgniter.php(355): CodeIgniter\CodeIgniter->handleRequest(null, Object(Config\Cache), false)
 9 SYSTEMPATH\Boot.php(325): CodeIgniter\CodeIgniter->run()
10 SYSTEMPATH\Boot.php(67): CodeIgniter\Boot::runCodeIgniter(Object(CodeIgniter\CodeIgniter))
11 FCPATH\index.php(56): CodeIgniter\Boot::bootWeb(Object(Config\Paths))
12 SYSTEMPATH\rewrite.php(44): require_once('C:\\Users\\PC\\Desktop\\myApp\\myApp\\public\\index.php')
INFO - 2024-11-15 12:23:04 --> Session: Class initialized using 'CodeIgniter\Session\Handlers\FileHandler' driver.
CRITICAL - 2024-11-15 12:25:24 --> ErrorException: Undefined variable $sort
[Method: GET, Route: g_offres]
in APPPATH\Views\g_offres.php on line 385.
 1 APPPATH\Views\g_offres.php(385): CodeIgniter\Debug\Exceptions->errorHandler(2, 'Undefined variable $sort', 'C:\\Users\\PC\\Desktop\\myApp\\myApp\\app\\Views\\g_offres.php', 385)
 2 SYSTEMPATH\View\View.php(234): include('C:\\Users\\PC\\Desktop\\myApp\\myApp\\app\\Views\\g_offres.php')
 3 SYSTEMPATH\View\View.php(237): CodeIgniter\View\View->CodeIgniter\View\{closure}()
 4 SYSTEMPATH\Common.php(1171): CodeIgniter\View\View->render('g_offres', [], true)
 5 APPPATH\Controllers\GestionOffreController.php(24): view('g_offres', [...])
 6 SYSTEMPATH\CodeIgniter.php(933): App\Controllers\GestionOffreController->index()
 7 SYSTEMPATH\CodeIgniter.php(509): CodeIgniter\CodeIgniter->runController(Object(App\Controllers\GestionOffreController))
 8 SYSTEMPATH\CodeIgniter.php(355): CodeIgniter\CodeIgniter->handleRequest(null, Object(Config\Cache), false)
 9 SYSTEMPATH\Boot.php(325): CodeIgniter\CodeIgniter->run()
10 SYSTEMPATH\Boot.php(67): CodeIgniter\Boot::runCodeIgniter(Object(CodeIgniter\CodeIgniter))
11 FCPATH\index.php(56): CodeIgniter\Boot::bootWeb(Object(Config\Paths))
12 SYSTEMPATH\rewrite.php(44): require_once('C:\\Users\\PC\\Desktop\\myApp\\myApp\\public\\index.php')
CRITICAL - 2024-11-15 12:26:26 --> ErrorException: Undefined variable $sort
[Method: GET, Route: g_offres]
in APPPATH\Views\g_offres.php on line 385.
 1 APPPATH\Views\g_offres.php(385): CodeIgniter\Debug\Exceptions->errorHandler(2, 'Undefined variable $sort', 'C:\\Users\\PC\\Desktop\\myApp\\myApp\\app\\Views\\g_offres.php', 385)
 2 SYSTEMPATH\View\View.php(234): include('C:\\Users\\PC\\Desktop\\myApp\\myApp\\app\\Views\\g_offres.php')
 3 SYSTEMPATH\View\View.php(237): CodeIgniter\View\View->CodeIgniter\View\{closure}()
 4 SYSTEMPATH\Common.php(1171): CodeIgniter\View\View->render('g_offres', [], true)
 5 APPPATH\Controllers\GestionOffreController.php(24): view('g_offres', [...])
 6 SYSTEMPATH\CodeIgniter.php(933): App\Controllers\GestionOffreController->index()
 7 SYSTEMPATH\CodeIgniter.php(509): CodeIgniter\CodeIgniter->runController(Object(App\Controllers\GestionOffreController))
 8 SYSTEMPATH\CodeIgniter.php(355): CodeIgniter\CodeIgniter->handleRequest(null, Object(Config\Cache), false)
 9 SYSTEMPATH\Boot.php(325): CodeIgniter\CodeIgniter->run()
10 SYSTEMPATH\Boot.php(67): CodeIgniter\Boot::runCodeIgniter(Object(CodeIgniter\CodeIgniter))
11 FCPATH\index.php(56): CodeIgniter\Boot::bootWeb(Object(Config\Paths))
12 SYSTEMPATH\rewrite.php(44): require_once('C:\\Users\\PC\\Desktop\\myApp\\myApp\\public\\index.php')
INFO - 2024-11-15 15:43:49 --> Session: Class initialized using 'CodeIgniter\Session\Handlers\FileHandler' driver.
CRITICAL - 2024-11-15 15:44:02 --> ErrorException: Undefined variable $sort
[Method: GET, Route: g_offres]
in APPPATH\Views\g_offres.php on line 385.
 1 APPPATH\Views\g_offres.php(385): CodeIgniter\Debug\Exceptions->errorHandler(2, 'Undefined variable $sort', 'C:\\Users\\PC\\Desktop\\myApp\\myApp\\app\\Views\\g_offres.php', 385)
 2 SYSTEMPATH\View\View.php(234): include('C:\\Users\\PC\\Desktop\\myApp\\myApp\\app\\Views\\g_offres.php')
 3 SYSTEMPATH\View\View.php(237): CodeIgniter\View\View->CodeIgniter\View\{closure}()
 4 SYSTEMPATH\Common.php(1171): CodeIgniter\View\View->render('g_offres', [], true)
 5 APPPATH\Controllers\GestionOffreController.php(24): view('g_offres', [...])
 6 SYSTEMPATH\CodeIgniter.php(933): App\Controllers\GestionOffreController->index()
 7 SYSTEMPATH\CodeIgniter.php(509): CodeIgniter\CodeIgniter->runController(Object(App\Controllers\GestionOffreController))
 8 SYSTEMPATH\CodeIgniter.php(355): CodeIgniter\CodeIgniter->handleRequest(null, Object(Config\Cache), false)
 9 SYSTEMPATH\Boot.php(325): CodeIgniter\CodeIgniter->run()
10 SYSTEMPATH\Boot.php(67): CodeIgniter\Boot::runCodeIgniter(Object(CodeIgniter\CodeIgniter))
11 FCPATH\index.php(56): CodeIgniter\Boot::bootWeb(Object(Config\Paths))
12 SYSTEMPATH\rewrite.php(44): require_once('C:\\Users\\PC\\Desktop\\myApp\\myApp\\public\\index.php')
INFO - 2024-11-15 15:44:13 --> Session: Class initialized using 'CodeIgniter\Session\Handlers\FileHandler' driver.
INFO - 2024-11-15 15:45:10 --> Session: Class initialized using 'CodeIgniter\Session\Handlers\FileHandler' driver.
INFO - 2024-11-15 16:49:56 --> Session: Class initialized using 'CodeIgniter\Session\Handlers\FileHandler' driver.
CRITICAL - 2024-11-15 16:57:35 --> ErrorException: Allowed memory size of 536870912 bytes exhausted (tried to allocate 173834240 bytes)
[Method: GET, Route: ListOffers]
in SYSTEMPATH\HTTP\ResponseTrait.php on line 430.
 1 [internal function]: CodeIgniter\Debug\Exceptions->shutdownHandler()
