INFO - 2024-11-14 11:47:47 --> Session: Class initialized using 'CodeIgniter\Session\Handlers\FileHandler' driver.
INFO - 2024-11-14 11:48:29 --> Session: Class initialized using 'CodeIgniter\Session\Handlers\FileHandler' driver.
INFO - 2024-11-14 11:48:30 --> Session: Class initialized using 'CodeIgniter\Session\Handlers\FileHandler' driver.
INFO - 2024-11-14 11:48:38 --> Session: Class initialized using 'CodeIgniter\Session\Handlers\FileHandler' driver.
INFO - 2024-11-14 11:48:43 --> Session: Class initialized using 'CodeIgniter\Session\Handlers\FileHandler' driver.
INFO - 2024-11-14 11:48:43 --> Session: Class initialized using 'CodeIgniter\Session\Handlers\FileHandler' driver.
INFO - 2024-11-14 15:29:44 --> Session: Class initialized using 'CodeIgniter\Session\Handlers\FileHandler' driver.
CRITICAL - 2024-11-14 15:30:10 --> CodeIgniter\Validation\Exceptions\ValidationException: "required-min_length" is not a valid rule.
[Method: POST, Route: leave-request/submit]
in SYSTEMPATH\Validation\Validation.php on line 348.
 1 SYSTEMPATH\Validation\Validation.php(348): CodeIgniter\Validation\Exceptions\ValidationException::forRuleNotFound('required-min_length')
 2 SYSTEMPATH\Validation\Validation.php(204): CodeIgniter\Validation\Validation->processRules('employee_name', 'employee_name', 'test', [...], [...], 'employee_name')
 3 SYSTEMPATH\Controller.php(137): CodeIgniter\Validation\Validation->run()
 4 APPPATH\Controllers\LeaveRequestController.php(22): CodeIgniter\Controller->validate([...])
 5 SYSTEMPATH\CodeIgniter.php(933): App\Controllers\LeaveRequestController->submit()
 6 SYSTEMPATH\CodeIgniter.php(509): CodeIgniter\CodeIgniter->runController(Object(App\Controllers\LeaveRequestController))
 7 SYSTEMPATH\CodeIgniter.php(355): CodeIgniter\CodeIgniter->handleRequest(null, Object(Config\Cache), false)
 8 SYSTEMPATH\Boot.php(325): CodeIgniter\CodeIgniter->run()
 9 SYSTEMPATH\Boot.php(67): CodeIgniter\Boot::runCodeIgniter(Object(CodeIgniter\CodeIgniter))
10 FCPATH\index.php(56): CodeIgniter\Boot::bootWeb(Object(Config\Paths))
11 SYSTEMPATH\rewrite.php(44): require_once('C:\\Users\\PC\\Desktop\\myApp\\myApp\\public\\index.php')
INFO - 2024-11-14 15:30:49 --> Session: Class initialized using 'CodeIgniter\Session\Handlers\FileHandler' driver.
INFO - 2024-11-14 15:30:55 --> Session: Class initialized using 'CodeIgniter\Session\Handlers\FileHandler' driver.
INFO - 2024-11-14 15:30:55 --> Session: Class initialized using 'CodeIgniter\Session\Handlers\FileHandler' driver.
ERROR - 2024-11-14 15:31:39 --> mysqli_sql_exception: Column 'status' cannot be null in C:\Users\PC\Desktop\myApp\myApp\system\Database\MySQLi\Connection.php:312
Stack trace:
#0 C:\Users\PC\Desktop\myApp\myApp\system\Database\MySQLi\Connection.php(312): mysqli->query('INSERT INTO `le...', 0)
#1 C:\Users\PC\Desktop\myApp\myApp\system\Database\BaseConnection.php(734): CodeIgniter\Database\MySQLi\Connection->execute('INSERT INTO `le...')
#2 C:\Users\PC\Desktop\myApp\myApp\system\Database\BaseConnection.php(648): CodeIgniter\Database\BaseConnection->simpleQuery('INSERT INTO `le...')
#3 C:\Users\PC\Desktop\myApp\myApp\system\Database\BaseBuilder.php(2340): CodeIgniter\Database\BaseConnection->query('INSERT INTO `le...', Array, false)
#4 C:\Users\PC\Desktop\myApp\myApp\system\Model.php(394): CodeIgniter\Database\BaseBuilder->insert()
#5 C:\Users\PC\Desktop\myApp\myApp\system\BaseModel.php(840): CodeIgniter\Model->doInsert(Array)
#6 C:\Users\PC\Desktop\myApp\myApp\system\Model.php(802): CodeIgniter\BaseModel->insert(Array, true)
#7 C:\Users\PC\Desktop\myApp\myApp\app\Controllers\LeaveRequestController.php(34): CodeIgniter\Model->insert(Object(App\Entities\LeaveRequest))
#8 C:\Users\PC\Desktop\myApp\myApp\system\CodeIgniter.php(933): App\Controllers\LeaveRequestController->submit()
#9 C:\Users\PC\Desktop\myApp\myApp\system\CodeIgniter.php(509): CodeIgniter\CodeIgniter->runController(Object(App\Controllers\LeaveRequestController))
#10 C:\Users\PC\Desktop\myApp\myApp\system\CodeIgniter.php(355): CodeIgniter\CodeIgniter->handleRequest(NULL, Object(Config\Cache), false)
#11 C:\Users\PC\Desktop\myApp\myApp\system\Boot.php(325): CodeIgniter\CodeIgniter->run()
#12 C:\Users\PC\Desktop\myApp\myApp\system\Boot.php(67): CodeIgniter\Boot::runCodeIgniter(Object(CodeIgniter\CodeIgniter))
#13 C:\Users\PC\Desktop\myApp\myApp\public\index.php(56): CodeIgniter\Boot::bootWeb(Object(Config\Paths))
#14 C:\Users\PC\Desktop\myApp\myApp\system\rewrite.php(44): require_once('C:\\Users\\PC\\Des...')
#15 {main}
CRITICAL - 2024-11-14 15:31:39 --> CodeIgniter\Database\Exceptions\DatabaseException: Column 'status' cannot be null
[Method: POST, Route: leave-request/submit]
in SYSTEMPATH\Database\BaseConnection.php on line 688.
 1 SYSTEMPATH\Database\BaseBuilder.php(2340): CodeIgniter\Database\BaseConnection->query('INSERT INTO `leave_requests` (`employee_name`, `start_date`, `end_date`, `reason`, `status`) VALUES (:employee_name:, :start_date:, :end_date:, :reason:, :status:)', [...], false)
 2 SYSTEMPATH\Model.php(394): CodeIgniter\Database\BaseBuilder->insert()
 3 SYSTEMPATH\BaseModel.php(840): CodeIgniter\Model->doInsert([...])
 4 SYSTEMPATH\Model.php(802): CodeIgniter\BaseModel->insert([...], true)
 5 APPPATH\Controllers\LeaveRequestController.php(34): CodeIgniter\Model->insert(Object(App\Entities\LeaveRequest))
 6 SYSTEMPATH\CodeIgniter.php(933): App\Controllers\LeaveRequestController->submit()
 7 SYSTEMPATH\CodeIgniter.php(509): CodeIgniter\CodeIgniter->runController(Object(App\Controllers\LeaveRequestController))
 8 SYSTEMPATH\CodeIgniter.php(355): CodeIgniter\CodeIgniter->handleRequest(null, Object(Config\Cache), false)
 9 SYSTEMPATH\Boot.php(325): CodeIgniter\CodeIgniter->run()
10 SYSTEMPATH\Boot.php(67): CodeIgniter\Boot::runCodeIgniter(Object(CodeIgniter\CodeIgniter))
11 FCPATH\index.php(56): CodeIgniter\Boot::bootWeb(Object(Config\Paths))
12 SYSTEMPATH\rewrite.php(44): require_once('C:\\Users\\PC\\Desktop\\myApp\\myApp\\public\\index.php')
CRITICAL - 2024-11-14 15:31:39 --> [Caused by] CodeIgniter\Database\Exceptions\DatabaseException: Column 'status' cannot be null
in SYSTEMPATH\Database\MySQLi\Connection.php on line 317.
 1 SYSTEMPATH\Database\BaseConnection.php(734): CodeIgniter\Database\MySQLi\Connection->execute('INSERT INTO `leave_requests` (`employee_name`, `start_date`, `end_date`, `reason`, `status`) VALUES (\'test\', \'2024-11-17\', \'2024-11-22\', \'hello hello hello hello\', NULL)')
 2 SYSTEMPATH\Database\BaseConnection.php(648): CodeIgniter\Database\BaseConnection->simpleQuery('INSERT INTO `leave_requests` (`employee_name`, `start_date`, `end_date`, `reason`, `status`) VALUES (\'test\', \'2024-11-17\', \'2024-11-22\', \'hello hello hello hello\', NULL)')
 3 SYSTEMPATH\Database\BaseBuilder.php(2340): CodeIgniter\Database\BaseConnection->query('INSERT INTO `leave_requests` (`employee_name`, `start_date`, `end_date`, `reason`, `status`) VALUES (:employee_name:, :start_date:, :end_date:, :reason:, :status:)', [...], false)
 4 SYSTEMPATH\Model.php(394): CodeIgniter\Database\BaseBuilder->insert()
 5 SYSTEMPATH\BaseModel.php(840): CodeIgniter\Model->doInsert([...])
 6 SYSTEMPATH\Model.php(802): CodeIgniter\BaseModel->insert([...], true)
 7 APPPATH\Controllers\LeaveRequestController.php(34): CodeIgniter\Model->insert(Object(App\Entities\LeaveRequest))
 8 SYSTEMPATH\CodeIgniter.php(933): App\Controllers\LeaveRequestController->submit()
 9 SYSTEMPATH\CodeIgniter.php(509): CodeIgniter\CodeIgniter->runController(Object(App\Controllers\LeaveRequestController))
10 SYSTEMPATH\CodeIgniter.php(355): CodeIgniter\CodeIgniter->handleRequest(null, Object(Config\Cache), false)
11 SYSTEMPATH\Boot.php(325): CodeIgniter\CodeIgniter->run()
12 SYSTEMPATH\Boot.php(67): CodeIgniter\Boot::runCodeIgniter(Object(CodeIgniter\CodeIgniter))
13 FCPATH\index.php(56): CodeIgniter\Boot::bootWeb(Object(Config\Paths))
14 SYSTEMPATH\rewrite.php(44): require_once('C:\\Users\\PC\\Desktop\\myApp\\myApp\\public\\index.php')
CRITICAL - 2024-11-14 15:31:39 --> [Caused by] mysqli_sql_exception: Column 'status' cannot be null
in SYSTEMPATH\Database\MySQLi\Connection.php on line 312.
 1 SYSTEMPATH\Database\MySQLi\Connection.php(312): mysqli->query('INSERT INTO `leave_requests` (`employee_name`, `start_date`, `end_date`, `reason`, `status`) VALUES (\'test\', \'2024-11-17\', \'2024-11-22\', \'hello hello hello hello\', NULL)', 0)
 2 SYSTEMPATH\Database\BaseConnection.php(734): CodeIgniter\Database\MySQLi\Connection->execute('INSERT INTO `leave_requests` (`employee_name`, `start_date`, `end_date`, `reason`, `status`) VALUES (\'test\', \'2024-11-17\', \'2024-11-22\', \'hello hello hello hello\', NULL)')
 3 SYSTEMPATH\Database\BaseConnection.php(648): CodeIgniter\Database\BaseConnection->simpleQuery('INSERT INTO `leave_requests` (`employee_name`, `start_date`, `end_date`, `reason`, `status`) VALUES (\'test\', \'2024-11-17\', \'2024-11-22\', \'hello hello hello hello\', NULL)')
 4 SYSTEMPATH\Database\BaseBuilder.php(2340): CodeIgniter\Database\BaseConnection->query('INSERT INTO `leave_requests` (`employee_name`, `start_date`, `end_date`, `reason`, `status`) VALUES (:employee_name:, :start_date:, :end_date:, :reason:, :status:)', [...], false)
 5 SYSTEMPATH\Model.php(394): CodeIgniter\Database\BaseBuilder->insert()
 6 SYSTEMPATH\BaseModel.php(840): CodeIgniter\Model->doInsert([...])
 7 SYSTEMPATH\Model.php(802): CodeIgniter\BaseModel->insert([...], true)
 8 APPPATH\Controllers\LeaveRequestController.php(34): CodeIgniter\Model->insert(Object(App\Entities\LeaveRequest))
 9 SYSTEMPATH\CodeIgniter.php(933): App\Controllers\LeaveRequestController->submit()
10 SYSTEMPATH\CodeIgniter.php(509): CodeIgniter\CodeIgniter->runController(Object(App\Controllers\LeaveRequestController))
11 SYSTEMPATH\CodeIgniter.php(355): CodeIgniter\CodeIgniter->handleRequest(null, Object(Config\Cache), false)
12 SYSTEMPATH\Boot.php(325): CodeIgniter\CodeIgniter->run()
13 SYSTEMPATH\Boot.php(67): CodeIgniter\Boot::runCodeIgniter(Object(CodeIgniter\CodeIgniter))
14 FCPATH\index.php(56): CodeIgniter\Boot::bootWeb(Object(Config\Paths))
15 SYSTEMPATH\rewrite.php(44): require_once('C:\\Users\\PC\\Desktop\\myApp\\myApp\\public\\index.php')
INFO - 2024-11-14 15:32:08 --> Session: Class initialized using 'CodeIgniter\Session\Handlers\FileHandler' driver.
INFO - 2024-11-14 15:32:15 --> Session: Class initialized using 'CodeIgniter\Session\Handlers\FileHandler' driver.
INFO - 2024-11-14 15:32:15 --> Session: Class initialized using 'CodeIgniter\Session\Handlers\FileHandler' driver.
INFO - 2024-11-14 15:40:09 --> Session: Class initialized using 'CodeIgniter\Session\Handlers\FileHandler' driver.
INFO - 2024-11-14 15:40:57 --> Session: Class initialized using 'CodeIgniter\Session\Handlers\FileHandler' driver.
ERROR - 2024-11-14 21:19:01 --> Error connecting to the database: mysqli_sql_exception: Aucune connexion n’a pu être établie car l’ordinateur cible l’a expressément refusée in C:\Users\PC\Desktop\myApp\myApp\system\Database\MySQLi\Connection.php:187
Stack trace:
#0 C:\Users\PC\Desktop\myApp\myApp\system\Database\MySQLi\Connection.php(187): mysqli->real_connect('localhost', 'root', '', 'ci4_db', 3306, '', 0)
#1 C:\Users\PC\Desktop\myApp\myApp\system\Database\BaseConnection.php(421): CodeIgniter\Database\MySQLi\Connection->connect(false)
#2 C:\Users\PC\Desktop\myApp\myApp\system\Database\BaseConnection.php(616): CodeIgniter\Database\BaseConnection->initialize()
#3 C:\Users\PC\Desktop\myApp\myApp\system\Database\BaseConnection.php(1485): CodeIgniter\Database\BaseConnection->query('SHOW TABLES FRO...')
#4 C:\Users\PC\Desktop\myApp\myApp\system\Database\BaseConnection.php(1505): CodeIgniter\Database\BaseConnection->listTables()
#5 C:\Users\PC\Desktop\myApp\myApp\system\Database\MigrationRunner.php(759): CodeIgniter\Database\BaseConnection->tableExists('migrations')
#6 C:\Users\PC\Desktop\myApp\myApp\system\Database\MigrationRunner.php(163): CodeIgniter\Database\MigrationRunner->ensureTable()
#7 C:\Users\PC\Desktop\myApp\myApp\system\Commands\Database\Migrate.php(85): CodeIgniter\Database\MigrationRunner->latest(NULL)
#8 C:\Users\PC\Desktop\myApp\myApp\system\CLI\Commands.php(70): CodeIgniter\Commands\Database\Migrate->run(Array)
#9 C:\Users\PC\Desktop\myApp\myApp\system\CLI\Console.php(48): CodeIgniter\CLI\Commands->run('migrate', Array)
#10 C:\Users\PC\Desktop\myApp\myApp\system\Boot.php(351): CodeIgniter\CLI\Console->run()
#11 C:\Users\PC\Desktop\myApp\myApp\system\Boot.php(104): CodeIgniter\Boot::runCommand(Object(CodeIgniter\CLI\Console))
#12 C:\Users\PC\Desktop\myApp\myApp\spark(84): CodeIgniter\Boot::bootSpark(Object(Config\Paths))
#13 {main}

Next CodeIgniter\Database\Exceptions\DatabaseException: Aucune connexion n’a pu être établie car l’ordinateur cible l’a expressément refusée in C:\Users\PC\Desktop\myApp\myApp\system\Database\MySQLi\Connection.php:231
Stack trace:
#0 C:\Users\PC\Desktop\myApp\myApp\system\Database\BaseConnection.php(421): CodeIgniter\Database\MySQLi\Connection->connect(false)
#1 C:\Users\PC\Desktop\myApp\myApp\system\Database\BaseConnection.php(616): CodeIgniter\Database\BaseConnection->initialize()
#2 C:\Users\PC\Desktop\myApp\myApp\system\Database\BaseConnection.php(1485): CodeIgniter\Database\BaseConnection->query('SHOW TABLES FRO...')
#3 C:\Users\PC\Desktop\myApp\myApp\system\Database\BaseConnection.php(1505): CodeIgniter\Database\BaseConnection->listTables()
#4 C:\Users\PC\Desktop\myApp\myApp\system\Database\MigrationRunner.php(759): CodeIgniter\Database\BaseConnection->tableExists('migrations')
#5 C:\Users\PC\Desktop\myApp\myApp\system\Database\MigrationRunner.php(163): CodeIgniter\Database\MigrationRunner->ensureTable()
#6 C:\Users\PC\Desktop\myApp\myApp\system\Commands\Database\Migrate.php(85): CodeIgniter\Database\MigrationRunner->latest(NULL)
#7 C:\Users\PC\Desktop\myApp\myApp\system\CLI\Commands.php(70): CodeIgniter\Commands\Database\Migrate->run(Array)
#8 C:\Users\PC\Desktop\myApp\myApp\system\CLI\Console.php(48): CodeIgniter\CLI\Commands->run('migrate', Array)
#9 C:\Users\PC\Desktop\myApp\myApp\system\Boot.php(351): CodeIgniter\CLI\Console->run()
#10 C:\Users\PC\Desktop\myApp\myApp\system\Boot.php(104): CodeIgniter\Boot::runCommand(Object(CodeIgniter\CLI\Console))
#11 C:\Users\PC\Desktop\myApp\myApp\spark(84): CodeIgniter\Boot::bootSpark(Object(Config\Paths))
#12 {main}
ERROR - 2024-11-14 21:19:17 --> mysqli_sql_exception: Invalid default value for 'created_at' in C:\Users\PC\Desktop\myApp\myApp\system\Database\MySQLi\Connection.php:312
Stack trace:
#0 C:\Users\PC\Desktop\myApp\myApp\system\Database\MySQLi\Connection.php(312): mysqli->query('CREATE TABLE `p...', 0)
#1 C:\Users\PC\Desktop\myApp\myApp\system\Database\BaseConnection.php(734): CodeIgniter\Database\MySQLi\Connection->execute('CREATE TABLE `p...')
#2 C:\Users\PC\Desktop\myApp\myApp\system\Database\BaseConnection.php(648): CodeIgniter\Database\BaseConnection->simpleQuery('CREATE TABLE `p...')
#3 C:\Users\PC\Desktop\myApp\myApp\system\Database\Forge.php(570): CodeIgniter\Database\BaseConnection->query('CREATE TABLE `p...')
#4 C:\Users\PC\Desktop\myApp\myApp\app\Database\Migrations\2024-11-14-211828_CreatePayrollTable.php(54): CodeIgniter\Database\Forge->createTable('payroll')
#5 C:\Users\PC\Desktop\myApp\myApp\system\Database\MigrationRunner.php(867): App\Database\Migrations\CreatePayrollTable->up()
#6 C:\Users\PC\Desktop\myApp\myApp\system\Database\MigrationRunner.php(183): CodeIgniter\Database\MigrationRunner->migrate('up', Object(stdClass))
#7 C:\Users\PC\Desktop\myApp\myApp\system\Commands\Database\Migrate.php(85): CodeIgniter\Database\MigrationRunner->latest(NULL)
#8 C:\Users\PC\Desktop\myApp\myApp\system\CLI\Commands.php(70): CodeIgniter\Commands\Database\Migrate->run(Array)
#9 C:\Users\PC\Desktop\myApp\myApp\system\CLI\Console.php(48): CodeIgniter\CLI\Commands->run('migrate', Array)
#10 C:\Users\PC\Desktop\myApp\myApp\system\Boot.php(351): CodeIgniter\CLI\Console->run()
#11 C:\Users\PC\Desktop\myApp\myApp\system\Boot.php(104): CodeIgniter\Boot::runCommand(Object(CodeIgniter\CLI\Console))
#12 C:\Users\PC\Desktop\myApp\myApp\spark(84): CodeIgniter\Boot::bootSpark(Object(Config\Paths))
#13 {main}
ERROR - 2024-11-14 21:34:11 --> mysqli_sql_exception: Table 'ci4_db.payroll' doesn't exist in C:\Users\PC\Desktop\myApp\myApp\system\Database\MySQLi\Connection.php:312
Stack trace:
#0 C:\Users\PC\Desktop\myApp\myApp\system\Database\MySQLi\Connection.php(312): mysqli->query('SELECT *\nFROM `...', 0)
#1 C:\Users\PC\Desktop\myApp\myApp\system\Database\BaseConnection.php(734): CodeIgniter\Database\MySQLi\Connection->execute('SELECT *\nFROM `...')
#2 C:\Users\PC\Desktop\myApp\myApp\system\Database\BaseConnection.php(648): CodeIgniter\Database\BaseConnection->simpleQuery('SELECT *\nFROM `...')
#3 C:\Users\PC\Desktop\myApp\myApp\system\Database\BaseBuilder.php(1644): CodeIgniter\Database\BaseConnection->query('SELECT *\nFROM `...', Array, false)
#4 C:\Users\PC\Desktop\myApp\myApp\system\Model.php(286): CodeIgniter\Database\BaseBuilder->get()
#5 C:\Users\PC\Desktop\myApp\myApp\system\BaseModel.php(676): CodeIgniter\Model->doFindAll(0, 0)
#6 C:\Users\PC\Desktop\myApp\myApp\app\Controllers\PayrollController.php(14): CodeIgniter\BaseModel->findAll()
#7 C:\Users\PC\Desktop\myApp\myApp\system\CodeIgniter.php(933): App\Controllers\PayrollController->index()
#8 C:\Users\PC\Desktop\myApp\myApp\system\CodeIgniter.php(509): CodeIgniter\CodeIgniter->runController(Object(App\Controllers\PayrollController))
#9 C:\Users\PC\Desktop\myApp\myApp\system\CodeIgniter.php(355): CodeIgniter\CodeIgniter->handleRequest(NULL, Object(Config\Cache), false)
#10 C:\Users\PC\Desktop\myApp\myApp\system\Boot.php(325): CodeIgniter\CodeIgniter->run()
#11 C:\Users\PC\Desktop\myApp\myApp\system\Boot.php(67): CodeIgniter\Boot::runCodeIgniter(Object(CodeIgniter\CodeIgniter))
#12 C:\Users\PC\Desktop\myApp\myApp\public\index.php(56): CodeIgniter\Boot::bootWeb(Object(Config\Paths))
#13 C:\Users\PC\Desktop\myApp\myApp\system\rewrite.php(44): require_once('C:\\Users\\PC\\Des...')
#14 {main}
CRITICAL - 2024-11-14 21:34:11 --> CodeIgniter\Database\Exceptions\DatabaseException: Table 'ci4_db.payroll' doesn't exist
[Method: GET, Route: payroll]
in SYSTEMPATH\Database\BaseConnection.php on line 688.
 1 SYSTEMPATH\Database\BaseBuilder.php(1644): CodeIgniter\Database\BaseConnection->query('SELECT *
FROM `payroll`', [], false)
 2 SYSTEMPATH\Model.php(286): CodeIgniter\Database\BaseBuilder->get()
 3 SYSTEMPATH\BaseModel.php(676): CodeIgniter\Model->doFindAll(0, 0)
 4 APPPATH\Controllers\PayrollController.php(14): CodeIgniter\BaseModel->findAll()
 5 SYSTEMPATH\CodeIgniter.php(933): App\Controllers\PayrollController->index()
 6 SYSTEMPATH\CodeIgniter.php(509): CodeIgniter\CodeIgniter->runController(Object(App\Controllers\PayrollController))
 7 SYSTEMPATH\CodeIgniter.php(355): CodeIgniter\CodeIgniter->handleRequest(null, Object(Config\Cache), false)
 8 SYSTEMPATH\Boot.php(325): CodeIgniter\CodeIgniter->run()
 9 SYSTEMPATH\Boot.php(67): CodeIgniter\Boot::runCodeIgniter(Object(CodeIgniter\CodeIgniter))
10 FCPATH\index.php(56): CodeIgniter\Boot::bootWeb(Object(Config\Paths))
11 SYSTEMPATH\rewrite.php(44): require_once('C:\\Users\\PC\\Desktop\\myApp\\myApp\\public\\index.php')
CRITICAL - 2024-11-14 21:34:11 --> [Caused by] CodeIgniter\Database\Exceptions\DatabaseException: Table 'ci4_db.payroll' doesn't exist
in SYSTEMPATH\Database\MySQLi\Connection.php on line 317.
 1 SYSTEMPATH\Database\BaseConnection.php(734): CodeIgniter\Database\MySQLi\Connection->execute('SELECT *
FROM `payroll`')
 2 SYSTEMPATH\Database\BaseConnection.php(648): CodeIgniter\Database\BaseConnection->simpleQuery('SELECT *
FROM `payroll`')
 3 SYSTEMPATH\Database\BaseBuilder.php(1644): CodeIgniter\Database\BaseConnection->query('SELECT *
FROM `payroll`', [], false)
 4 SYSTEMPATH\Model.php(286): CodeIgniter\Database\BaseBuilder->get()
 5 SYSTEMPATH\BaseModel.php(676): CodeIgniter\Model->doFindAll(0, 0)
 6 APPPATH\Controllers\PayrollController.php(14): CodeIgniter\BaseModel->findAll()
 7 SYSTEMPATH\CodeIgniter.php(933): App\Controllers\PayrollController->index()
 8 SYSTEMPATH\CodeIgniter.php(509): CodeIgniter\CodeIgniter->runController(Object(App\Controllers\PayrollController))
 9 SYSTEMPATH\CodeIgniter.php(355): CodeIgniter\CodeIgniter->handleRequest(null, Object(Config\Cache), false)
10 SYSTEMPATH\Boot.php(325): CodeIgniter\CodeIgniter->run()
11 SYSTEMPATH\Boot.php(67): CodeIgniter\Boot::runCodeIgniter(Object(CodeIgniter\CodeIgniter))
12 FCPATH\index.php(56): CodeIgniter\Boot::bootWeb(Object(Config\Paths))
13 SYSTEMPATH\rewrite.php(44): require_once('C:\\Users\\PC\\Desktop\\myApp\\myApp\\public\\index.php')
CRITICAL - 2024-11-14 21:34:11 --> [Caused by] mysqli_sql_exception: Table 'ci4_db.payroll' doesn't exist
in SYSTEMPATH\Database\MySQLi\Connection.php on line 312.
 1 SYSTEMPATH\Database\MySQLi\Connection.php(312): mysqli->query('SELECT *
FROM `payroll`', 0)
 2 SYSTEMPATH\Database\BaseConnection.php(734): CodeIgniter\Database\MySQLi\Connection->execute('SELECT *
FROM `payroll`')
 3 SYSTEMPATH\Database\BaseConnection.php(648): CodeIgniter\Database\BaseConnection->simpleQuery('SELECT *
FROM `payroll`')
 4 SYSTEMPATH\Database\BaseBuilder.php(1644): CodeIgniter\Database\BaseConnection->query('SELECT *
FROM `payroll`', [], false)
 5 SYSTEMPATH\Model.php(286): CodeIgniter\Database\BaseBuilder->get()
 6 SYSTEMPATH\BaseModel.php(676): CodeIgniter\Model->doFindAll(0, 0)
 7 APPPATH\Controllers\PayrollController.php(14): CodeIgniter\BaseModel->findAll()
 8 SYSTEMPATH\CodeIgniter.php(933): App\Controllers\PayrollController->index()
 9 SYSTEMPATH\CodeIgniter.php(509): CodeIgniter\CodeIgniter->runController(Object(App\Controllers\PayrollController))
10 SYSTEMPATH\CodeIgniter.php(355): CodeIgniter\CodeIgniter->handleRequest(null, Object(Config\Cache), false)
11 SYSTEMPATH\Boot.php(325): CodeIgniter\CodeIgniter->run()
12 SYSTEMPATH\Boot.php(67): CodeIgniter\Boot::runCodeIgniter(Object(CodeIgniter\CodeIgniter))
13 FCPATH\index.php(56): CodeIgniter\Boot::bootWeb(Object(Config\Paths))
14 SYSTEMPATH\rewrite.php(44): require_once('C:\\Users\\PC\\Desktop\\myApp\\myApp\\public\\index.php')
ERROR - 2024-11-14 21:37:52 --> mysqli_sql_exception: Unknown column 'employee_id' in 'field list' in C:\Users\PC\Desktop\myApp\myApp\system\Database\MySQLi\Connection.php:312
Stack trace:
#0 C:\Users\PC\Desktop\myApp\myApp\system\Database\MySQLi\Connection.php(312): mysqli->query('INSERT INTO `pa...', 0)
#1 C:\Users\PC\Desktop\myApp\myApp\system\Database\BaseConnection.php(734): CodeIgniter\Database\MySQLi\Connection->execute('INSERT INTO `pa...')
#2 C:\Users\PC\Desktop\myApp\myApp\system\Database\BaseConnection.php(648): CodeIgniter\Database\BaseConnection->simpleQuery('INSERT INTO `pa...')
#3 C:\Users\PC\Desktop\myApp\myApp\system\Database\BaseBuilder.php(2340): CodeIgniter\Database\BaseConnection->query('INSERT INTO `pa...', Array, false)
#4 C:\Users\PC\Desktop\myApp\myApp\system\Model.php(394): CodeIgniter\Database\BaseBuilder->insert()
#5 C:\Users\PC\Desktop\myApp\myApp\system\BaseModel.php(840): CodeIgniter\Model->doInsert(Array)
#6 C:\Users\PC\Desktop\myApp\myApp\system\Model.php(802): CodeIgniter\BaseModel->insert(Array, true)
#7 C:\Users\PC\Desktop\myApp\myApp\app\Controllers\PayrollController.php(48): CodeIgniter\Model->insert(Object(App\Entities\Payroll))
#8 C:\Users\PC\Desktop\myApp\myApp\system\CodeIgniter.php(933): App\Controllers\PayrollController->store()
#9 C:\Users\PC\Desktop\myApp\myApp\system\CodeIgniter.php(509): CodeIgniter\CodeIgniter->runController(Object(App\Controllers\PayrollController))
#10 C:\Users\PC\Desktop\myApp\myApp\system\CodeIgniter.php(355): CodeIgniter\CodeIgniter->handleRequest(NULL, Object(Config\Cache), false)
#11 C:\Users\PC\Desktop\myApp\myApp\system\Boot.php(325): CodeIgniter\CodeIgniter->run()
#12 C:\Users\PC\Desktop\myApp\myApp\system\Boot.php(67): CodeIgniter\Boot::runCodeIgniter(Object(CodeIgniter\CodeIgniter))
#13 C:\Users\PC\Desktop\myApp\myApp\public\index.php(56): CodeIgniter\Boot::bootWeb(Object(Config\Paths))
#14 C:\Users\PC\Desktop\myApp\myApp\system\rewrite.php(44): require_once('C:\\Users\\PC\\Des...')
#15 {main}
CRITICAL - 2024-11-14 21:37:52 --> CodeIgniter\Database\Exceptions\DatabaseException: Unknown column 'employee_id' in 'field list'
[Method: POST, Route: payroll/store]
in SYSTEMPATH\Database\BaseConnection.php on line 688.
 1 SYSTEMPATH\Database\BaseBuilder.php(2340): CodeIgniter\Database\BaseConnection->query('INSERT INTO `payroll` (`employee_id`, `salary`, `bonus`, `deductions`, `net_salary`, `pay_date`) VALUES (:employee_id:, :salary:, :bonus:, :deductions:, :net_salary:, :pay_date:)', [...], false)
 2 SYSTEMPATH\Model.php(394): CodeIgniter\Database\BaseBuilder->insert()
 3 SYSTEMPATH\BaseModel.php(840): CodeIgniter\Model->doInsert([...])
 4 SYSTEMPATH\Model.php(802): CodeIgniter\BaseModel->insert([...], true)
 5 APPPATH\Controllers\PayrollController.php(48): CodeIgniter\Model->insert(Object(App\Entities\Payroll))
 6 SYSTEMPATH\CodeIgniter.php(933): App\Controllers\PayrollController->store()
 7 SYSTEMPATH\CodeIgniter.php(509): CodeIgniter\CodeIgniter->runController(Object(App\Controllers\PayrollController))
 8 SYSTEMPATH\CodeIgniter.php(355): CodeIgniter\CodeIgniter->handleRequest(null, Object(Config\Cache), false)
 9 SYSTEMPATH\Boot.php(325): CodeIgniter\CodeIgniter->run()
10 SYSTEMPATH\Boot.php(67): CodeIgniter\Boot::runCodeIgniter(Object(CodeIgniter\CodeIgniter))
11 FCPATH\index.php(56): CodeIgniter\Boot::bootWeb(Object(Config\Paths))
12 SYSTEMPATH\rewrite.php(44): require_once('C:\\Users\\PC\\Desktop\\myApp\\myApp\\public\\index.php')
CRITICAL - 2024-11-14 21:37:52 --> [Caused by] CodeIgniter\Database\Exceptions\DatabaseException: Unknown column 'employee_id' in 'field list'
in SYSTEMPATH\Database\MySQLi\Connection.php on line 317.
 1 SYSTEMPATH\Database\BaseConnection.php(734): CodeIgniter\Database\MySQLi\Connection->execute('INSERT INTO `payroll` (`employee_id`, `salary`, `bonus`, `deductions`, `net_salary`, `pay_date`) VALUES (\'1\', \'500000\', \'6000\', \'2000\', 504000, \'2024-11-23\')')
 2 SYSTEMPATH\Database\BaseConnection.php(648): CodeIgniter\Database\BaseConnection->simpleQuery('INSERT INTO `payroll` (`employee_id`, `salary`, `bonus`, `deductions`, `net_salary`, `pay_date`) VALUES (\'1\', \'500000\', \'6000\', \'2000\', 504000, \'2024-11-23\')')
 3 SYSTEMPATH\Database\BaseBuilder.php(2340): CodeIgniter\Database\BaseConnection->query('INSERT INTO `payroll` (`employee_id`, `salary`, `bonus`, `deductions`, `net_salary`, `pay_date`) VALUES (:employee_id:, :salary:, :bonus:, :deductions:, :net_salary:, :pay_date:)', [...], false)
 4 SYSTEMPATH\Model.php(394): CodeIgniter\Database\BaseBuilder->insert()
 5 SYSTEMPATH\BaseModel.php(840): CodeIgniter\Model->doInsert([...])
 6 SYSTEMPATH\Model.php(802): CodeIgniter\BaseModel->insert([...], true)
 7 APPPATH\Controllers\PayrollController.php(48): CodeIgniter\Model->insert(Object(App\Entities\Payroll))
 8 SYSTEMPATH\CodeIgniter.php(933): App\Controllers\PayrollController->store()
 9 SYSTEMPATH\CodeIgniter.php(509): CodeIgniter\CodeIgniter->runController(Object(App\Controllers\PayrollController))
10 SYSTEMPATH\CodeIgniter.php(355): CodeIgniter\CodeIgniter->handleRequest(null, Object(Config\Cache), false)
11 SYSTEMPATH\Boot.php(325): CodeIgniter\CodeIgniter->run()
12 SYSTEMPATH\Boot.php(67): CodeIgniter\Boot::runCodeIgniter(Object(CodeIgniter\CodeIgniter))
13 FCPATH\index.php(56): CodeIgniter\Boot::bootWeb(Object(Config\Paths))
14 SYSTEMPATH\rewrite.php(44): require_once('C:\\Users\\PC\\Desktop\\myApp\\myApp\\public\\index.php')
CRITICAL - 2024-11-14 21:37:52 --> [Caused by] mysqli_sql_exception: Unknown column 'employee_id' in 'field list'
in SYSTEMPATH\Database\MySQLi\Connection.php on line 312.
 1 SYSTEMPATH\Database\MySQLi\Connection.php(312): mysqli->query('INSERT INTO `payroll` (`employee_id`, `salary`, `bonus`, `deductions`, `net_salary`, `pay_date`) VALUES (\'1\', \'500000\', \'6000\', \'2000\', 504000, \'2024-11-23\')', 0)
 2 SYSTEMPATH\Database\BaseConnection.php(734): CodeIgniter\Database\MySQLi\Connection->execute('INSERT INTO `payroll` (`employee_id`, `salary`, `bonus`, `deductions`, `net_salary`, `pay_date`) VALUES (\'1\', \'500000\', \'6000\', \'2000\', 504000, \'2024-11-23\')')
 3 SYSTEMPATH\Database\BaseConnection.php(648): CodeIgniter\Database\BaseConnection->simpleQuery('INSERT INTO `payroll` (`employee_id`, `salary`, `bonus`, `deductions`, `net_salary`, `pay_date`) VALUES (\'1\', \'500000\', \'6000\', \'2000\', 504000, \'2024-11-23\')')
 4 SYSTEMPATH\Database\BaseBuilder.php(2340): CodeIgniter\Database\BaseConnection->query('INSERT INTO `payroll` (`employee_id`, `salary`, `bonus`, `deductions`, `net_salary`, `pay_date`) VALUES (:employee_id:, :salary:, :bonus:, :deductions:, :net_salary:, :pay_date:)', [...], false)
 5 SYSTEMPATH\Model.php(394): CodeIgniter\Database\BaseBuilder->insert()
 6 SYSTEMPATH\BaseModel.php(840): CodeIgniter\Model->doInsert([...])
 7 SYSTEMPATH\Model.php(802): CodeIgniter\BaseModel->insert([...], true)
 8 APPPATH\Controllers\PayrollController.php(48): CodeIgniter\Model->insert(Object(App\Entities\Payroll))
 9 SYSTEMPATH\CodeIgniter.php(933): App\Controllers\PayrollController->store()
10 SYSTEMPATH\CodeIgniter.php(509): CodeIgniter\CodeIgniter->runController(Object(App\Controllers\PayrollController))
11 SYSTEMPATH\CodeIgniter.php(355): CodeIgniter\CodeIgniter->handleRequest(null, Object(Config\Cache), false)
12 SYSTEMPATH\Boot.php(325): CodeIgniter\CodeIgniter->run()
13 SYSTEMPATH\Boot.php(67): CodeIgniter\Boot::runCodeIgniter(Object(CodeIgniter\CodeIgniter))
14 FCPATH\index.php(56): CodeIgniter\Boot::bootWeb(Object(Config\Paths))
15 SYSTEMPATH\rewrite.php(44): require_once('C:\\Users\\PC\\Desktop\\myApp\\myApp\\public\\index.php')
