ERROR - 2024-11-05 10:04:20 --> Error connecting to the database: mysqli_sql_exception: Aucune connexion n’a pu être établie car l’ordinateur cible l’a expressément refusée in C:\Users\PC\Desktop\myApp\system\Database\MySQLi\Connection.php:187
Stack trace:
#0 C:\Users\PC\Desktop\myApp\system\Database\MySQLi\Connection.php(187): mysqli->real_connect('localhost', 'root', '', 'ci4_db', 3306, '', 0)
#1 C:\Users\PC\Desktop\myApp\system\Database\BaseConnection.php(421): CodeIgniter\Database\MySQLi\Connection->connect(false)
#2 C:\Users\PC\Desktop\myApp\system\Database\BaseConnection.php(616): CodeIgniter\Database\BaseConnection->initialize()
#3 C:\Users\PC\Desktop\myApp\system\Database\BaseConnection.php(1485): CodeIgniter\Database\BaseConnection->query('SHOW TABLES FRO...')
#4 C:\Users\PC\Desktop\myApp\system\Database\BaseConnection.php(1505): CodeIgniter\Database\BaseConnection->listTables()
#5 C:\Users\PC\Desktop\myApp\system\Database\MigrationRunner.php(759): CodeIgniter\Database\BaseConnection->tableExists('migrations')
#6 C:\Users\PC\Desktop\myApp\system\Database\MigrationRunner.php(163): CodeIgniter\Database\MigrationRunner->ensureTable()
#7 C:\Users\PC\Desktop\myApp\system\Commands\Database\Migrate.php(85): CodeIgniter\Database\MigrationRunner->latest(NULL)
#8 C:\Users\PC\Desktop\myApp\system\CLI\Commands.php(70): CodeIgniter\Commands\Database\Migrate->run(Array)
#9 C:\Users\PC\Desktop\myApp\system\CLI\Console.php(48): CodeIgniter\CLI\Commands->run('migrate', Array)
#10 C:\Users\PC\Desktop\myApp\system\Boot.php(351): CodeIgniter\CLI\Console->run()
#11 C:\Users\PC\Desktop\myApp\system\Boot.php(104): CodeIgniter\Boot::runCommand(Object(CodeIgniter\CLI\Console))
#12 C:\Users\PC\Desktop\myApp\spark(84): CodeIgniter\Boot::bootSpark(Object(Config\Paths))
#13 {main}

Next CodeIgniter\Database\Exceptions\DatabaseException: Aucune connexion n’a pu être établie car l’ordinateur cible l’a expressément refusée in C:\Users\PC\Desktop\myApp\system\Database\MySQLi\Connection.php:231
Stack trace:
#0 C:\Users\PC\Desktop\myApp\system\Database\BaseConnection.php(421): CodeIgniter\Database\MySQLi\Connection->connect(false)
#1 C:\Users\PC\Desktop\myApp\system\Database\BaseConnection.php(616): CodeIgniter\Database\BaseConnection->initialize()
#2 C:\Users\PC\Desktop\myApp\system\Database\BaseConnection.php(1485): CodeIgniter\Database\BaseConnection->query('SHOW TABLES FRO...')
#3 C:\Users\PC\Desktop\myApp\system\Database\BaseConnection.php(1505): CodeIgniter\Database\BaseConnection->listTables()
#4 C:\Users\PC\Desktop\myApp\system\Database\MigrationRunner.php(759): CodeIgniter\Database\BaseConnection->tableExists('migrations')
#5 C:\Users\PC\Desktop\myApp\system\Database\MigrationRunner.php(163): CodeIgniter\Database\MigrationRunner->ensureTable()
#6 C:\Users\PC\Desktop\myApp\system\Commands\Database\Migrate.php(85): CodeIgniter\Database\MigrationRunner->latest(NULL)
#7 C:\Users\PC\Desktop\myApp\system\CLI\Commands.php(70): CodeIgniter\Commands\Database\Migrate->run(Array)
#8 C:\Users\PC\Desktop\myApp\system\CLI\Console.php(48): CodeIgniter\CLI\Commands->run('migrate', Array)
#9 C:\Users\PC\Desktop\myApp\system\Boot.php(351): CodeIgniter\CLI\Console->run()
#10 C:\Users\PC\Desktop\myApp\system\Boot.php(104): CodeIgniter\Boot::runCommand(Object(CodeIgniter\CLI\Console))
#11 C:\Users\PC\Desktop\myApp\spark(84): CodeIgniter\Boot::bootSpark(Object(Config\Paths))
#12 {main}
INFO - 2024-11-05 10:12:09 --> Session: Class initialized using 'CodeIgniter\Session\Handlers\FileHandler' driver.
INFO - 2024-11-05 10:12:36 --> Session: Class initialized using 'CodeIgniter\Session\Handlers\FileHandler' driver.
INFO - 2024-11-05 10:12:36 --> Session: Class initialized using 'CodeIgniter\Session\Handlers\FileHandler' driver.
INFO - 2024-11-05 10:16:10 --> Session: Class initialized using 'CodeIgniter\Session\Handlers\FileHandler' driver.
INFO - 2024-11-05 10:16:11 --> Session: Class initialized using 'CodeIgniter\Session\Handlers\FileHandler' driver.
INFO - 2024-11-05 10:20:46 --> Session: Class initialized using 'CodeIgniter\Session\Handlers\FileHandler' driver.
